Arguments: 
  C:\Program Files\nodejs\node.exe C:\Users\Martynas\AppData\Roaming\npm\node_modules\yarn\bin\yarn.js init

PATH: 
  C:\Program Files (x86)\Common Files\Intel\Shared Libraries\redist\intel64\compiler;C:\Program Files (x86)\Common Files\Oracle\Java\javapath;C:\ProgramData\Oracle\Java\javapath;C:\Program Files\Common Files\Oracle\Java\javapath;C:\Windows\system32;C:\Windows;C:\Windows\System32\Wbem;C:\Windows\System32\WindowsPowerShell\v1.0\;C:\Windows\System32\OpenSSH\;C:\Program Files\NVIDIA Corporation\NVIDIA NvDLISR;C:\Program Files (x86)\NVIDIA Corporation\PhysX\Common;C:\Program Files\Git\cmd;C:\WINDOWS\system32;C:\WINDOWS;C:\WINDOWS\System32\Wbem;C:\WINDOWS\System32\WindowsPowerShell\v1.0\;C:\WINDOWS\System32\OpenSSH\;C:\Program Files\nodejs\;C:\Program Files\php-7.4.16\php.exe;C:\Users\Martynas\AppData\Local\Programs\Python\Python39\Scripts\;C:\Users\Martynas\AppData\Local\Programs\Python\Python39\;C:\Users\Martynas\AppData\Local\Microsoft\WindowsApps;C:\Users\Martynas\AppData\Local\Programs\Microsoft VS Code\bin;C:\Users\Martynas\AppData\Local\GitHubDesktop\bin;C:\Users\Martynas\AppData\Roaming\npm;C:\Program Files\JetBrains\PhpStorm 2019.1.2\bin;;C:\xampp\php;C:\Users\Martynas\composer;C:\Users\Martynas\AppData\Roaming\Composer\vendor\bin;C:\Program Files\JetBrains\IntelliJ IDEA 2020.2.4\bin;;C:\Users\Martynas\AppData\Roaming\Composer\vendor\bin;C:\Users\Martynas\AppData\Local\ComposerSetup\bin

Yarn version: 
  1.22.15

Node version: 
  14.15.3

Platform: 
  win32 x64

Trace: 
  Error: canceled
      at Interface.<anonymous> (C:\Users\Martynas\AppData\Roaming\npm\node_modules\yarn\lib\cli.js:137145:13)
      at Interface.emit (events.js:315:20)
      at Interface._ttyWrite (readline.js:875:16)
      at ReadStream.onkeypress (readline.js:213:10)
      at ReadStream.emit (events.js:315:20)
      at emitKeys (internal/readline/utils.js:345:14)
      at emitKeys.next (<anonymous>)
      at ReadStream.onData (readline.js:1144:36)
      at ReadStream.emit (events.js:315:20)
      at addChunk (internal/streams/readable.js:309:12)

npm manifest: 
  No manifest

yarn manifest: 
  No manifest

Lockfile: 
  No lockfile
